<?xml version="1.0" encoding="UTF-8"?>
<coverage generated="1574683166093" clover="3.2.0">
  <project timestamp="1574683166093" name="All files">
    <metrics statements="58" coveredstatements="34" conditionals="23" coveredconditionals="6" methods="21" coveredmethods="7" elements="102" coveredelements="47" complexity="0" loc="58" ncloc="58" packages="3" files="3" classes="3"/>
    <package name="aluno">
      <metrics statements="36" coveredstatements="24" conditionals="11" coveredconditionals="6" methods="17" coveredmethods="6"/>
      <file name="aluno.js" path="C:\Users\augustofb\Desktop\MP2019\MP2019_2\js\aluno\aluno.js">
        <metrics statements="36" coveredstatements="24" conditionals="11" coveredconditionals="6" methods="17" coveredmethods="6"/>
        <line num="5" count="4" type="stmt"/>
        <line num="6" count="4" type="stmt"/>
        <line num="7" count="4" type="stmt"/>
        <line num="8" count="4" type="stmt"/>
        <line num="9" count="4" type="stmt"/>
        <line num="10" count="4" type="stmt"/>
        <line num="11" count="4" type="stmt"/>
        <line num="12" count="4" type="stmt"/>
        <line num="13" count="4" type="stmt"/>
        <line num="14" count="4" type="stmt"/>
        <line num="15" count="4" type="stmt"/>
        <line num="19" count="0" type="stmt"/>
        <line num="23" count="2" type="stmt"/>
        <line num="24" count="2" type="stmt"/>
        <line num="26" count="2" type="stmt"/>
        <line num="27" count="88" type="cond" truecount="5" falsecount="0"/>
        <line num="30" count="6" type="stmt"/>
        <line num="36" count="7" type="stmt"/>
        <line num="40" count="1" type="stmt"/>
        <line num="41" count="1" type="stmt"/>
        <line num="43" count="1" type="stmt"/>
        <line num="44" count="3" type="cond" truecount="1" falsecount="1"/>
        <line num="45" count="0" type="stmt"/>
        <line num="47" count="3" type="stmt"/>
        <line num="50" count="1" type="stmt"/>
        <line num="51" count="1" type="stmt"/>
        <line num="55" count="0" type="cond" truecount="0" falsecount="2"/>
        <line num="56" count="0" type="stmt"/>
        <line num="57" count="0" type="stmt"/>
        <line num="59" count="0" type="stmt"/>
        <line num="65" count="0" type="stmt"/>
        <line num="69" count="0" type="stmt"/>
        <line num="73" count="0" type="stmt"/>
        <line num="74" count="0" type="cond" truecount="0" falsecount="2"/>
        <line num="82" count="0" type="stmt"/>
        <line num="83" count="0" type="stmt"/>
      </file>
    </package>
    <package name="disciplina">
      <metrics statements="21" coveredstatements="9" conditionals="12" coveredconditionals="0" methods="4" coveredmethods="1"/>
      <file name="disciplina.js" path="C:\Users\augustofb\Desktop\MP2019\MP2019_2\js\disciplina\disciplina.js">
        <metrics statements="21" coveredstatements="9" conditionals="12" coveredconditionals="0" methods="4" coveredmethods="1"/>
        <line num="3" count="52" type="stmt"/>
        <line num="4" count="52" type="stmt"/>
        <line num="5" count="52" type="stmt"/>
        <line num="6" count="52" type="stmt"/>
        <line num="7" count="52" type="stmt"/>
        <line num="8" count="52" type="stmt"/>
        <line num="9" count="52" type="stmt"/>
        <line num="10" count="52" type="stmt"/>
        <line num="11" count="52" type="stmt"/>
        <line num="15" count="0" type="cond" truecount="0" falsecount="2"/>
        <line num="19" count="0" type="stmt"/>
        <line num="23" count="0" type="stmt"/>
        <line num="24" count="0" type="cond" truecount="0" falsecount="2"/>
        <line num="26" count="0" type="cond" truecount="0" falsecount="2"/>
        <line num="27" count="0" type="stmt"/>
        <line num="28" count="0" type="cond" truecount="0" falsecount="2"/>
        <line num="29" count="0" type="stmt"/>
        <line num="30" count="0" type="cond" truecount="0" falsecount="2"/>
        <line num="31" count="0" type="stmt"/>
        <line num="32" count="0" type="cond" truecount="0" falsecount="2"/>
        <line num="33" count="0" type="stmt"/>
      </file>
    </package>
    <package name="objetos">
      <metrics statements="1" coveredstatements="1" conditionals="0" coveredconditionals="0" methods="0" coveredmethods="0"/>
      <file name="disciplinas.js" path="C:\Users\augustofb\Desktop\MP2019\MP2019_2\js\objetos\disciplinas.js">
        <metrics statements="1" coveredstatements="1" conditionals="0" coveredconditionals="0" methods="0" coveredmethods="0"/>
        <line num="1" count="1" type="stmt"/>
      </file>
    </package>
  </project>
</coverage>
