{"C:\\Users\\augustofb\\Desktop\\MP2019\\MP2019_2\\js\\aluno\\aluno.js": {"path":"C:\\Users\\augustofb\\Desktop\\MP2019\\MP2019_2\\js\\aluno\\aluno.js","statementMap":{"0":{"start":{"line":5,"column":4},"end":{"line":5,"column":29}},"1":{"start":{"line":6,"column":4},"end":{"line":6,"column":37}},"2":{"start":{"line":7,"column":4},"end":{"line":7,"column":79}},"3":{"start":{"line":7,"column":57},"end":{"line":7,"column":77}},"4":{"start":{"line":8,"column":4},"end":{"line":8,"column":37}},"5":{"start":{"line":9,"column":4},"end":{"line":9,"column":29}},"6":{"start":{"line":10,"column":4},"end":{"line":10,"column":31}},"7":{"start":{"line":11,"column":4},"end":{"line":11,"column":37}},"8":{"start":{"line":12,"column":4},"end":{"line":12,"column":35}},"9":{"start":{"line":13,"column":4},"end":{"line":13,"column":35}},"10":{"start":{"line":14,"column":4},"end":{"line":14,"column":43}},"11":{"start":{"line":15,"column":4},"end":{"line":15,"column":39}},"12":{"start":{"line":19,"column":4},"end":{"line":19,"column":21}},"13":{"start":{"line":23,"column":22},"end":{"line":23,"column":55}},"14":{"start":{"line":23,"column":48},"end":{"line":23,"column":54}},"15":{"start":{"line":24,"column":23},"end":{"line":24,"column":58}},"16":{"start":{"line":24,"column":51},"end":{"line":24,"column":57}},"17":{"start":{"line":26,"column":4},"end":{"line":32,"column":7}},"18":{"start":{"line":27,"column":6},"end":{"line":31,"column":7}},"19":{"start":{"line":30,"column":8},"end":{"line":30,"column":45}},"20":{"start":{"line":36,"column":4},"end":{"line":36,"column":54}},"21":{"start":{"line":40,"column":23},"end":{"line":40,"column":25}},"22":{"start":{"line":41,"column":22},"end":{"line":41,"column":24}},"23":{"start":{"line":43,"column":4},"end":{"line":49,"column":7}},"24":{"start":{"line":44,"column":6},"end":{"line":48,"column":7}},"25":{"start":{"line":45,"column":8},"end":{"line":45,"column":30}},"26":{"start":{"line":47,"column":8},"end":{"line":47,"column":29}},"27":{"start":{"line":50,"column":4},"end":{"line":50,"column":34}},"28":{"start":{"line":51,"column":4},"end":{"line":51,"column":31}},"29":{"start":{"line":55,"column":4},"end":{"line":61,"column":5}},"30":{"start":{"line":56,"column":6},"end":{"line":56,"column":20}},"31":{"start":{"line":57,"column":6},"end":{"line":57,"column":23}},"32":{"start":{"line":59,"column":6},"end":{"line":59,"column":52}},"33":{"start":{"line":65,"column":4},"end":{"line":65,"column":49}},"34":{"start":{"line":69,"column":4},"end":{"line":69,"column":61}},"35":{"start":{"line":73,"column":4},"end":{"line":75,"column":7}},"36":{"start":{"line":74,"column":6},"end":{"line":74,"column":54}},"37":{"start":{"line":74,"column":32},"end":{"line":74,"column":52}},"38":{"start":{"line":82,"column":4},"end":{"line":84,"column":7}},"39":{"start":{"line":83,"column":6},"end":{"line":83,"column":23}}},"fnMap":{"0":{"name":"(anonymous_0)","decl":{"start":{"line":4,"column":2},"end":{"line":4,"column":3}},"loc":{"start":{"line":4,"column":23},"end":{"line":16,"column":3}},"line":4},"1":{"name":"(anonymous_1)","decl":{"start":{"line":7,"column":47},"end":{"line":7,"column":48}},"loc":{"start":{"line":7,"column":57},"end":{"line":7,"column":77}},"line":7},"2":{"name":"(anonymous_2)","decl":{"start":{"line":18,"column":2},"end":{"line":18,"column":3}},"loc":{"start":{"line":18,"column":16},"end":{"line":20,"column":3}},"line":18},"3":{"name":"(anonymous_3)","decl":{"start":{"line":22,"column":2},"end":{"line":22,"column":3}},"loc":{"start":{"line":22,"column":35},"end":{"line":33,"column":3}},"line":22},"4":{"name":"(anonymous_4)","decl":{"start":{"line":23,"column":41},"end":{"line":23,"column":42}},"loc":{"start":{"line":23,"column":48},"end":{"line":23,"column":54}},"line":23},"5":{"name":"(anonymous_5)","decl":{"start":{"line":24,"column":44},"end":{"line":24,"column":45}},"loc":{"start":{"line":24,"column":51},"end":{"line":24,"column":57}},"line":24},"6":{"name":"(anonymous_6)","decl":{"start":{"line":26,"column":24},"end":{"line":26,"column":25}},"loc":{"start":{"line":26,"column":40},"end":{"line":32,"column":5}},"line":26},"7":{"name":"(anonymous_7)","decl":{"start":{"line":35,"column":2},"end":{"line":35,"column":3}},"loc":{"start":{"line":35,"column":34},"end":{"line":37,"column":3}},"line":35},"8":{"name":"(anonymous_8)","decl":{"start":{"line":39,"column":2},"end":{"line":39,"column":3}},"loc":{"start":{"line":39,"column":25},"end":{"line":52,"column":3}},"line":39},"9":{"name":"(anonymous_9)","decl":{"start":{"line":43,"column":29},"end":{"line":43,"column":30}},"loc":{"start":{"line":43,"column":39},"end":{"line":49,"column":5}},"line":43},"10":{"name":"(anonymous_10)","decl":{"start":{"line":54,"column":2},"end":{"line":54,"column":3}},"loc":{"start":{"line":54,"column":16},"end":{"line":62,"column":3}},"line":54},"11":{"name":"(anonymous_11)","decl":{"start":{"line":64,"column":2},"end":{"line":64,"column":3}},"loc":{"start":{"line":64,"column":15},"end":{"line":66,"column":3}},"line":64},"12":{"name":"(anonymous_12)","decl":{"start":{"line":68,"column":2},"end":{"line":68,"column":3}},"loc":{"start":{"line":68,"column":21},"end":{"line":70,"column":3}},"line":68},"13":{"name":"(anonymous_13)","decl":{"start":{"line":72,"column":2},"end":{"line":72,"column":3}},"loc":{"start":{"line":72,"column":23},"end":{"line":76,"column":3}},"line":72},"14":{"name":"(anonymous_14)","decl":{"start":{"line":73,"column":29},"end":{"line":73,"column":30}},"loc":{"start":{"line":73,"column":39},"end":{"line":75,"column":5}},"line":73},"15":{"name":"(anonymous_15)","decl":{"start":{"line":81,"column":2},"end":{"line":81,"column":3}},"loc":{"start":{"line":81,"column":15},"end":{"line":85,"column":3}},"line":81},"16":{"name":"(anonymous_16)","decl":{"start":{"line":82,"column":29},"end":{"line":82,"column":30}},"loc":{"start":{"line":82,"column":39},"end":{"line":84,"column":5}},"line":82}},"branchMap":{"0":{"loc":{"start":{"line":27,"column":6},"end":{"line":31,"column":7}},"type":"if","locations":[{"start":{"line":27,"column":6},"end":{"line":31,"column":7}},{"start":{"line":27,"column":6},"end":{"line":31,"column":7}}],"line":27},"1":{"loc":{"start":{"line":27,"column":10},"end":{"line":29,"column":49}},"type":"binary-expr","locations":[{"start":{"line":27,"column":10},"end":{"line":27,"column":46}},{"start":{"line":28,"column":12},"end":{"line":28,"column":48}},{"start":{"line":29,"column":12},"end":{"line":29,"column":49}}],"line":27},"2":{"loc":{"start":{"line":44,"column":6},"end":{"line":48,"column":7}},"type":"if","locations":[{"start":{"line":44,"column":6},"end":{"line":48,"column":7}},{"start":{"line":44,"column":6},"end":{"line":48,"column":7}}],"line":44},"3":{"loc":{"start":{"line":55,"column":4},"end":{"line":61,"column":5}},"type":"if","locations":[{"start":{"line":55,"column":4},"end":{"line":61,"column":5}},{"start":{"line":55,"column":4},"end":{"line":61,"column":5}}],"line":55},"4":{"loc":{"start":{"line":74,"column":6},"end":{"line":74,"column":54}},"type":"if","locations":[{"start":{"line":74,"column":6},"end":{"line":74,"column":54}},{"start":{"line":74,"column":6},"end":{"line":74,"column":54}}],"line":74}},"s":{"0":4,"1":4,"2":4,"3":0,"4":4,"5":4,"6":4,"7":4,"8":4,"9":4,"10":4,"11":4,"12":0,"13":2,"14":0,"15":2,"16":0,"17":2,"18":88,"19":6,"20":7,"21":1,"22":1,"23":1,"24":3,"25":0,"26":3,"27":1,"28":1,"29":0,"30":0,"31":0,"32":0,"33":0,"34":0,"35":0,"36":0,"37":0,"38":0,"39":0},"f":{"0":4,"1":0,"2":0,"3":2,"4":0,"5":0,"6":88,"7":7,"8":1,"9":3,"10":0,"11":0,"12":0,"13":0,"14":0,"15":0,"16":0},"b":{"0":[6,82],"1":[88,6,6],"2":[0,3],"3":[0,0],"4":[0,0]},"_coverageSchema":"43e27e138ebf9cfc5966b082cf9a028302ed4184","hash":"c77e5541eea3a501fadfba90f2aa715f23dae4b3"}
,"C:\\Users\\augustofb\\Desktop\\MP2019\\MP2019_2\\js\\disciplina\\disciplina.js": {"path":"C:\\Users\\augustofb\\Desktop\\MP2019\\MP2019_2\\js\\disciplina\\disciplina.js","statementMap":{"0":{"start":{"line":3,"column":4},"end":{"line":3,"column":29}},"1":{"start":{"line":4,"column":4},"end":{"line":4,"column":37}},"2":{"start":{"line":5,"column":4},"end":{"line":5,"column":33}},"3":{"start":{"line":6,"column":4},"end":{"line":6,"column":39}},"4":{"start":{"line":7,"column":4},"end":{"line":7,"column":33}},"5":{"start":{"line":8,"column":4},"end":{"line":8,"column":29}},"6":{"start":{"line":9,"column":4},"end":{"line":9,"column":41}},"7":{"start":{"line":10,"column":4},"end":{"line":10,"column":39}},"8":{"start":{"line":11,"column":4},"end":{"line":11,"column":37}},"9":{"start":{"line":15,"column":4},"end":{"line":15,"column":50}},"10":{"start":{"line":15,"column":26},"end":{"line":15,"column":48}},"11":{"start":{"line":19,"column":4},"end":{"line":19,"column":32}},"12":{"start":{"line":23,"column":4},"end":{"line":23,"column":21}},"13":{"start":{"line":24,"column":4},"end":{"line":24,"column":55}},"14":{"start":{"line":24,"column":33},"end":{"line":24,"column":53}},"15":{"start":{"line":26,"column":4},"end":{"line":34,"column":5}},"16":{"start":{"line":27,"column":6},"end":{"line":27,"column":80}},"17":{"start":{"line":28,"column":11},"end":{"line":34,"column":5}},"18":{"start":{"line":29,"column":6},"end":{"line":29,"column":78}},"19":{"start":{"line":30,"column":11},"end":{"line":34,"column":5}},"20":{"start":{"line":31,"column":6},"end":{"line":31,"column":78}},"21":{"start":{"line":32,"column":11},"end":{"line":34,"column":5}},"22":{"start":{"line":33,"column":6},"end":{"line":33,"column":79}}},"fnMap":{"0":{"name":"(anonymous_0)","decl":{"start":{"line":2,"column":2},"end":{"line":2,"column":3}},"loc":{"start":{"line":2,"column":23},"end":{"line":12,"column":3}},"line":2},"1":{"name":"(anonymous_1)","decl":{"start":{"line":14,"column":2},"end":{"line":14,"column":3}},"loc":{"start":{"line":14,"column":12},"end":{"line":16,"column":3}},"line":14},"2":{"name":"(anonymous_2)","decl":{"start":{"line":18,"column":2},"end":{"line":18,"column":3}},"loc":{"start":{"line":18,"column":14},"end":{"line":20,"column":3}},"line":18},"3":{"name":"(anonymous_3)","decl":{"start":{"line":22,"column":2},"end":{"line":22,"column":3}},"loc":{"start":{"line":22,"column":17},"end":{"line":35,"column":3}},"line":22}},"branchMap":{"0":{"loc":{"start":{"line":15,"column":4},"end":{"line":15,"column":50}},"type":"if","locations":[{"start":{"line":15,"column":4},"end":{"line":15,"column":50}},{"start":{"line":15,"column":4},"end":{"line":15,"column":50}}],"line":15},"1":{"loc":{"start":{"line":24,"column":4},"end":{"line":24,"column":55}},"type":"if","locations":[{"start":{"line":24,"column":4},"end":{"line":24,"column":55}},{"start":{"line":24,"column":4},"end":{"line":24,"column":55}}],"line":24},"2":{"loc":{"start":{"line":26,"column":4},"end":{"line":34,"column":5}},"type":"if","locations":[{"start":{"line":26,"column":4},"end":{"line":34,"column":5}},{"start":{"line":26,"column":4},"end":{"line":34,"column":5}}],"line":26},"3":{"loc":{"start":{"line":28,"column":11},"end":{"line":34,"column":5}},"type":"if","locations":[{"start":{"line":28,"column":11},"end":{"line":34,"column":5}},{"start":{"line":28,"column":11},"end":{"line":34,"column":5}}],"line":28},"4":{"loc":{"start":{"line":30,"column":11},"end":{"line":34,"column":5}},"type":"if","locations":[{"start":{"line":30,"column":11},"end":{"line":34,"column":5}},{"start":{"line":30,"column":11},"end":{"line":34,"column":5}}],"line":30},"5":{"loc":{"start":{"line":32,"column":11},"end":{"line":34,"column":5}},"type":"if","locations":[{"start":{"line":32,"column":11},"end":{"line":34,"column":5}},{"start":{"line":32,"column":11},"end":{"line":34,"column":5}}],"line":32}},"s":{"0":52,"1":52,"2":52,"3":52,"4":52,"5":52,"6":52,"7":52,"8":52,"9":0,"10":0,"11":0,"12":0,"13":0,"14":0,"15":0,"16":0,"17":0,"18":0,"19":0,"20":0,"21":0,"22":0},"f":{"0":52,"1":0,"2":0,"3":0},"b":{"0":[0,0],"1":[0,0],"2":[0,0],"3":[0,0],"4":[0,0],"5":[0,0]},"_coverageSchema":"43e27e138ebf9cfc5966b082cf9a028302ed4184","hash":"66b9a073b62ef882c0bd09935ee8b70c287d839e"}
,"C:\\Users\\augustofb\\Desktop\\MP2019\\MP2019_2\\js\\objetos\\disciplinas.js": {"path":"C:\\Users\\augustofb\\Desktop\\MP2019\\MP2019_2\\js\\objetos\\disciplinas.js","statementMap":{"0":{"start":{"line":1,"column":20},"end":{"line":529,"column":1}}},"fnMap":{},"branchMap":{},"s":{"0":1},"f":{},"b":{},"_coverageSchema":"43e27e138ebf9cfc5966b082cf9a028302ed4184","hash":"819985b9c0cf5279eaf6902b692c9617ff22ea19"}
}
