TN:
SF:C:\Users\augustofb\Desktop\MP2019\MP2019_2\js\aluno\aluno.js
FN:4,(anonymous_0)
FN:18,(anonymous_1)
FN:22,(anonymous_2)
FN:23,(anonymous_3)
FN:24,(anonymous_4)
FN:26,(anonymous_5)
FN:35,(anonymous_6)
FN:39,(anonymous_7)
FN:43,(anonymous_8)
FN:54,(anonymous_9)
FN:64,(anonymous_10)
FN:68,(anonymous_11)
FN:72,(anonymous_12)
FN:73,(anonymous_13)
FNF:14
FNH:6
FNDA:4,(anonymous_0)
FNDA:0,(anonymous_1)
FNDA:2,(anonymous_2)
FNDA:0,(anonymous_3)
FNDA:0,(anonymous_4)
FNDA:88,(anonymous_5)
FNDA:7,(anonymous_6)
FNDA:1,(anonymous_7)
FNDA:3,(anonymous_8)
FNDA:0,(anonymous_9)
FNDA:0,(anonymous_10)
FNDA:0,(anonymous_11)
FNDA:0,(anonymous_12)
FNDA:0,(anonymous_13)
DA:5,4
DA:6,4
DA:7,4
DA:8,4
DA:9,4
DA:10,4
DA:11,4
DA:12,4
DA:13,4
DA:14,4
DA:15,4
DA:19,0
DA:23,2
DA:24,2
DA:26,2
DA:27,88
DA:30,6
DA:36,7
DA:40,1
DA:41,1
DA:43,1
DA:44,3
DA:45,0
DA:47,3
DA:50,1
DA:51,1
DA:55,0
DA:56,0
DA:57,0
DA:59,0
DA:65,0
DA:69,0
DA:73,0
DA:74,0
LF:34
LH:24
BRDA:27,0,0,6
BRDA:27,0,1,82
BRDA:27,1,0,88
BRDA:27,1,1,6
BRDA:27,1,2,6
BRDA:44,2,0,0
BRDA:44,2,1,3
BRDA:55,3,0,0
BRDA:55,3,1,0
BRDA:74,4,0,0
BRDA:74,4,1,0
BRF:11
BRH:6
end_of_record
TN:
SF:C:\Users\augustofb\Desktop\MP2019\MP2019_2\js\disciplina\disciplina.js
FN:2,(anonymous_0)
FN:14,(anonymous_1)
FN:18,(anonymous_2)
FN:22,(anonymous_3)
FNF:4
FNH:1
FNDA:52,(anonymous_0)
FNDA:0,(anonymous_1)
FNDA:0,(anonymous_2)
FNDA:0,(anonymous_3)
DA:3,52
DA:4,52
DA:5,52
DA:6,52
DA:7,52
DA:8,52
DA:9,52
DA:10,52
DA:11,52
DA:15,0
DA:19,0
DA:23,0
DA:24,0
DA:26,0
DA:27,0
DA:28,0
DA:29,0
DA:30,0
DA:31,0
DA:32,0
DA:33,0
LF:21
LH:9
BRDA:15,0,0,0
BRDA:15,0,1,0
BRDA:24,1,0,0
BRDA:24,1,1,0
BRDA:26,2,0,0
BRDA:26,2,1,0
BRDA:28,3,0,0
BRDA:28,3,1,0
BRDA:30,4,0,0
BRDA:30,4,1,0
BRDA:32,5,0,0
BRDA:32,5,1,0
BRF:12
BRH:0
end_of_record
TN:
SF:C:\Users\augustofb\Desktop\MP2019\MP2019_2\js\objetos\disciplinas.js
FNF:0
FNH:0
DA:1,1
LF:1
LH:1
BRF:0
BRH:0
end_of_record
